23

50

149

49

125

45

124

260

223

328

497

240

231

188

21

248

592

276

142

936

84

317

186

201

298

509

621

16

343

914

31

508

240

283

1536

641

43

402

435

1358

153

748

689

51

464

1464

112

1054

620

555

1126

920

497

1103

1176

674

1071

2340

820

834

968

527

1949

2265

854

1836

252

734

2964

1518

3517

2514

3711

1178

2437

1399

2382

3579

692

369

1674

592

1355

2734

3433

1750

826

2309

1938

2410

2672

279

1356

2211

4731

4654

1688

1124

29

229
